<?xml version="1.0" encoding="UTF-8"?>
<!-- Generated by org.testng.reporters.JUnitXMLReporter -->
<testsuite ignored="1" hostname="abdulraheemPC" failures="0" tests="1" name="Default test" time="1.371" errors="0" timestamp="2025-04-16T19:25:03 EET">
  <testcase classname="project.project.AppTest" name="FillingtheInputFields" time="0.469"/>
  <testcase classname="project.project.AppTest" name="ScrollTest" time="0.0">
    <ignored/>
  </testcase> <!-- ScrollTest -->
</testsuite> <!-- Default test -->
