<?xml version="1.0" encoding="UTF-8"?>
<testng-results ignored="1" total="2" passed="1" failed="0" skipped="0">
  <reporter-output>
  </reporter-output>
  <suite started-at="2025-04-16T19:25:02 EET" name="Default suite" finished-at="2025-04-16T19:25:03 EET" duration-ms="1371">
    <groups>
    </groups>
    <test started-at="2025-04-16T19:25:02 EET" name="Default test" finished-at="2025-04-16T19:25:03 EET" duration-ms="1371">
      <class name="project.project.AppTest">
        <test-method is-config="true" signature="mySetup()[pri:0, instance:project.project.AppTest@1b765a2c]" started-at="2025-04-16T19:25:02 EET" name="mySetup" finished-at="2025-04-16T19:25:03 EET" duration-ms="881" status="PASS">
          <reporter-output>
          </reporter-output>
        </test-method> <!-- mySetup -->
        <test-method signature="FillingtheInputFields()[pri:0, instance:project.project.AppTest@1b765a2c]" started-at="2025-04-16T19:25:03 EET" name="FillingtheInputFields" finished-at="2025-04-16T19:25:03 EET" duration-ms="469" status="PASS">
          <reporter-output>
          </reporter-output>
        </test-method> <!-- FillingtheInputFields -->
      </class> <!-- project.project.AppTest -->
    </test> <!-- Default test -->
  </suite> <!-- Default suite -->
</testng-results>
